This is pdfTeX, Version 3.1415926-2.3-1.40.12 (MiKTeX 2.9) (preloaded format=pdflatex 2019.10.29)  2 MAY 2020 20:51
entering extended mode
**latex-version
(c:\Users\18123\VscodeProject\ComputerArch-Prj1\report\latex-version.tex
LaTeX2e <2011/06/27>
(C:\CTEX\MiKTeX\tex\latex\base\article.cls
Document Class: article 2007/10/19 v1.4h Standard LaTeX document class
(C:\CTEX\MiKTeX\tex\latex\base\size10.clo
File: size10.clo 2007/10/19 v1.4h Standard LaTeX file (size option)
)
\c@part=\count79
\c@section=\count80
\c@subsection=\count81
\c@subsubsection=\count82
\c@paragraph=\count83
\c@subparagraph=\count84
\c@figure=\count85
\c@table=\count86
\abovecaptionskip=\skip41
\belowcaptionskip=\skip42
\bibindent=\dimen102
) (C:\CTEX\MiKTeX\tex\latex\graphics\graphicx.sty
Package: graphicx 1999/02/16 v1.0f Enhanced LaTeX Graphics (DPC,SPQR)
 (C:\CTEX\MiKTeX\tex\latex\graphics\keyval.sty
Package: keyval 1999/03/16 v1.13 key=value parser (DPC)
\KV@toks@=\toks14
) (C:\CTEX\MiKTeX\tex\latex\graphics\graphics.sty
Package: graphics 2009/02/05 v1.0o Standard LaTeX Graphics (DPC,SPQR)
 (C:\CTEX\MiKTeX\tex\latex\graphics\trig.sty
Package: trig 1999/03/16 v1.09 sin cos tan (DPC)
) (C:\CTEX\MiKTeX\tex\latex\00miktex\graphics.cfg
File: graphics.cfg 2007/01/18 v1.5 graphics configuration of teTeX/TeXLive
)
Package graphics Info: Driver file: pdftex.def on input line 91.
 (C:\CTEX\MiKTeX\tex\latex\pdftex-def\pdftex.def
File: pdftex.def 2011/05/27 v0.06d Graphics/color for pdfTeX
 (C:\CTEX\MiKTeX\tex\generic\oberdiek\infwarerr.sty
Package: infwarerr 2010/04/08 v1.3 Providing info/warning/message (HO)
) (C:\CTEX\MiKTeX\tex\generic\oberdiek\ltxcmds.sty
Package: ltxcmds 2011/04/18 v1.20 LaTeX kernel commands for general use (HO)
)
\Gread@gobject=\count87
))
\Gin@req@height=\dimen103
\Gin@req@width=\dimen104
) (C:\CTEX\MiKTeX\tex\latex\subfigure\subfigure.sty
Package: subfigure 2002/07/30 v2.1.4 subfigure package
\subfigtopskip=\skip43
\subfigcapskip=\skip44
\subfigcaptopadj=\dimen105
\subfigbottomskip=\skip45
\subfigcapmargin=\dimen106
\subfiglabelskip=\skip46
\c@subfigure=\count88
\c@lofdepth=\count89
\c@subtable=\count90
\c@lotdepth=\count91

****************************************
* Local config file subfigure.cfg used *
****************************************
(C:\CTEX\MiKTeX\tex\latex\subfigure\subfigure.cfg)
\subfig@top=\skip47
\subfig@bottom=\skip48
) (C:\CTEX\MiKTeX\tex\latex\natbib\natbib.sty
Package: natbib 2010/09/13 8.31b (PWD, AO)
\bibhang=\skip49
\bibsep=\skip50
LaTeX Info: Redefining \cite on input line 694.
\c@NAT@ctr=\count92
) (C:\CTEX\MiKTeX\tex\latex\ams\math\amsmath.sty
Package: amsmath 2000/07/18 v2.13 AMS math features
\@mathmargin=\skip51

For additional information on amsmath, use the `?' option.
(C:\CTEX\MiKTeX\tex\latex\ams\math\amstext.sty
Package: amstext 2000/06/29 v2.01
 (C:\CTEX\MiKTeX\tex\latex\ams\math\amsgen.sty
File: amsgen.sty 1999/11/30 v2.0
\@emptytoks=\toks15
\ex@=\dimen107
)) (C:\CTEX\MiKTeX\tex\latex\ams\math\amsbsy.sty
Package: amsbsy 1999/11/29 v1.2d
\pmbraise@=\dimen108
) (C:\CTEX\MiKTeX\tex\latex\ams\math\amsopn.sty
Package: amsopn 1999/12/14 v2.01 operator names
)
\inf@bad=\count93
LaTeX Info: Redefining \frac on input line 211.
\uproot@=\count94
\leftroot@=\count95
LaTeX Info: Redefining \overline on input line 307.
\classnum@=\count96
\DOTSCASE@=\count97
LaTeX Info: Redefining \ldots on input line 379.
LaTeX Info: Redefining \dots on input line 382.
LaTeX Info: Redefining \cdots on input line 467.
\Mathstrutbox@=\box26
\strutbox@=\box27
\big@size=\dimen109
LaTeX Font Info:    Redeclaring font encoding OML on input line 567.
LaTeX Font Info:    Redeclaring font encoding OMS on input line 568.
\macc@depth=\count98
\c@MaxMatrixCols=\count99
\dotsspace@=\muskip10
\c@parentequation=\count100
\dspbrk@lvl=\count101
\tag@help=\toks16
\row@=\count102
\column@=\count103
\maxfields@=\count104
\andhelp@=\toks17
\eqnshift@=\dimen110
\alignsep@=\dimen111
\tagshift@=\dimen112
\tagwidth@=\dimen113
\totwidth@=\dimen114
\lineht@=\dimen115
\@envbody=\toks18
\multlinegap=\skip52
\multlinetaggap=\skip53
\mathdisplay@stack=\toks19
LaTeX Info: Redefining \[ on input line 2666.
LaTeX Info: Redefining \] on input line 2667.
) (C:\CTEX\MiKTeX\tex\latex\listings\listings.sty
\lst@mode=\count105
\lst@gtempboxa=\box28
\lst@token=\toks20
\lst@length=\count106
\lst@currlwidth=\dimen116
\lst@column=\count107
\lst@pos=\count108
\lst@lostspace=\dimen117
\lst@width=\dimen118
\lst@newlines=\count109
\lst@lineno=\count110
\lst@maxwidth=\dimen119
 (C:\CTEX\MiKTeX\tex\latex\listings\lstmisc.sty
File: lstmisc.sty 2007/02/22 1.4 (Carsten Heinz)
\c@lstnumber=\count111
\lst@skipnumbers=\count112
\lst@framebox=\box29
) (C:\CTEX\MiKTeX\tex\latex\listings\listings.cfg
File: listings.cfg 2007/02/22 1.4 listings configuration
))
Package: listings 2007/02/22 1.4 (Carsten Heinz)
 (C:\CTEX\MiKTeX\tex\latex\float\float.sty
Package: float 2001/11/08 v1.3d Float enhancements (AL)
\c@float@type=\count113
\float@exts=\toks21
\float@box=\box30
\@float@everytoks=\toks22
\@floatcapt=\box31
) (C:\CTEX\MiKTeX\tex\latex\psnfss\times.sty
Package: times 2005/04/12 PSNFSS-v9.2a (SPQR) 
) (c:\Users\18123\VscodeProject\ComputerArch-Prj1\report\latex-version.aux)
LaTeX Font Info:    Checking defaults for OML/cmm/m/it on input line 26.
LaTeX Font Info:    ... okay on input line 26.
LaTeX Font Info:    Checking defaults for T1/cmr/m/n on input line 26.
LaTeX Font Info:    ... okay on input line 26.
LaTeX Font Info:    Checking defaults for OT1/cmr/m/n on input line 26.
LaTeX Font Info:    ... okay on input line 26.
LaTeX Font Info:    Checking defaults for OMS/cmsy/m/n on input line 26.
LaTeX Font Info:    ... okay on input line 26.
LaTeX Font Info:    Checking defaults for OMX/cmex/m/n on input line 26.
LaTeX Font Info:    ... okay on input line 26.
LaTeX Font Info:    Checking defaults for U/cmr/m/n on input line 26.
LaTeX Font Info:    ... okay on input line 26.
LaTeX Font Info:    Try loading font information for OT1+ptm on input line 26.
 (C:\CTEX\MiKTeX\tex\latex\psnfss\ot1ptm.fd
File: ot1ptm.fd 2001/06/04 font definitions for OT1/ptm.
) (C:\CTEX\MiKTeX\tex\context\base\supp-pdf.mkii
[Loading MPS to PDF converter (version 2006.09.02).]
\scratchcounter=\count114
\scratchdimen=\dimen120
\scratchbox=\box32
\nofMPsegments=\count115
\nofMParguments=\count116
\everyMPshowfont=\toks23
\MPscratchCnt=\count117
\MPscratchDim=\dimen121
\MPnumerator=\count118
\makeMPintoPDFobject=\count119
\everyMPtoPDFconversion=\toks24
)
\c@lstlisting=\count120
LaTeX Font Info:    Font shape `OT1/ptm/bx/n' in size <17.28> not available
(Font)              Font shape `OT1/ptm/b/n' tried instead on input line 28.
Missing character: There is no è in font ptmr7t!
Missing character: There is no µ in font ptmr7t!
Missing character: There is no µ in font ptmr7t!
Missing character: There is no æ in font ptmr7t!
Missing character: There is no ¢ in font ptmr7t!
Missing character: There is no “ in font ptmr7t!
Missing character: There is no æ in font ptmr7t!
Missing character: There is no · in font ptmr7t!
Missing character: There is no ‡ in font ptmr7t!
Missing character: There is no è in font ptmr7t!
Missing character: There is no µ in font ptmr7t!
Missing character: There is no µ in font ptmr7t!
Missing character: There is no ä in font ptmr7t!
Missing character: There is no ¸ in font ptmr7t!
Missing character: There is no € in font ptmr7t!
Missing character: There is no æ in font ptmr7t!
Missing character: There is no ° in font ptmr7t!
Missing character: There is no ‘ in font ptmr7t!
LaTeX Font Info:    Font shape `OT1/ptm/bx/n' in size <14.4> not available
(Font)              Font shape `OT1/ptm/b/n' tried instead on input line 30.
LaTeX Font Info:    Font shape `OT1/ptm/bx/n' in size <10> not available
(Font)              Font shape `OT1/ptm/b/n' tried instead on input line 31.
Missing character: There is no ï in font ptmr7t!
Missing character: There is no ¼ in font ptmr7t!
Missing character: There is no Œ in font ptmr7t!
LaTeX Font Info:    Try loading font information for OMS+ptm on input line 41.
 (C:\CTEX\MiKTeX\tex\latex\psnfss\omsptm.fd
File: omsptm.fd 
)
LaTeX Font Info:    Font shape `OMS/ptm/m/n' in size <10> not available
(Font)              Font shape `OMS/cmsy/m/n' tried instead on input line 41.
 [1

{C:/CTEX/UserData/pdftex/config/pdftex.map{Unicode.sfd}{UGBK.sfd}}]
LaTeX Font Info:    Font shape `OT1/ptm/bx/n' in size <12> not available
(Font)              Font shape `OT1/ptm/b/n' tried instead on input line 62.
Missing character: There is no ï in font ptmr7t!
Missing character: There is no ¼ in font ptmr7t!
Missing character: There is no Œ in font ptmr7t!

Overfull \hbox (15.00366pt too wide) in paragraph at lines 96--97
[][][][][][][][][][][][][][][][][][][][][][][] 
 []

[2] [3]
LaTeX Font Info:    Try loading font information for OML+ptm on input line 179.
 (C:\CTEX\MiKTeX\tex\latex\psnfss\omlptm.fd
File: omlptm.fd 
)
LaTeX Font Info:    Font shape `OML/ptm/m/n' in size <10> not available
(Font)              Font shape `OML/cmm/m/it' tried instead on input line 179.
 [4] [5] [6]
Underfull \hbox (badness 10000) in paragraph at lines 266--267

 []

<partA-sum.jpg, id=25, 448.67625pt x 235.37938pt>
File: partA-sum.jpg Graphic file (type jpg)
 <use partA-sum.jpg>
Package pdftex.def Info: partA-sum.jpg used on input line 270.
(pdftex.def)             Requested size: 241.49895pt x 126.68993pt.

Overfull \hbox (1.41719pt too wide) in paragraph at lines 275--276
[]\OT1/ptm/m/n/10 The %eax reg-is-ter has the cor-rec-t val-ue which is the re-turn val-ue of the function---
 []


Underfull \hbox (badness 10000) in paragraph at lines 278--279

 []

<partA-rsum.jpg, id=26, 449.17813pt x 402.50375pt>
File: partA-rsum.jpg Graphic file (type jpg)
 <use partA-rsum.jpg>
Package pdftex.def Info: partA-rsum.jpg used on input line 282.
(pdftex.def)             Requested size: 241.49895pt x 216.40295pt.

Overfull \hbox (1.41719pt too wide) in paragraph at lines 288--289
[]\OT1/ptm/m/n/10 The %eax reg-is-ter has the cor-rec-t val-ue which is the re-turn val-ue of the function---
 []

[7 <c:/Users/18123/VscodeProject/ComputerArch-Prj1/report/partA-sum.jpg> <c:/Users/18123/VscodeProject/ComputerArch-Prj1/report/partA-rsum.jpg>]
Underfull \hbox (badness 10000) in paragraph at lines 292--293

 []

<partA-copy.jpg, id=31, 449.17813pt x 364.86313pt>
File: partA-copy.jpg Graphic file (type jpg)
 <use partA-copy.jpg>
Package pdftex.def Info: partA-copy.jpg used on input line 296.
(pdftex.def)             Requested size: 241.49895pt x 196.16577pt.

Overfull \hbox (1.41719pt too wide) in paragraph at lines 302--303
[]\OT1/ptm/m/n/10 The %eax reg-is-ter has the cor-rec-t val-ue which is the re-turn val-ue of the function---
 []

[8 <c:/Users/18123/VscodeProject/ComputerArch-Prj1/report/partA-copy.jpg>]
Overfull \hbox (63.00415pt too wide) in paragraph at lines 331--332
[][][] 
 []


Overfull \hbox (63.00415pt too wide) in paragraph at lines 335--336
[][][] 
 []


Overfull \hbox (63.00415pt too wide) in paragraph at lines 340--341
[][][] 
 []


Overfull \hbox (63.00415pt too wide) in paragraph at lines 343--344
[][][][][][][][][][][][][][][][][][][][][][][][][][][] 
 []


Overfull \hbox (63.00415pt too wide) in paragraph at lines 344--345
[][][] 
 []


Overfull \hbox (3.00354pt too wide) in paragraph at lines 347--348
[][][][][][][][][][][][][][][][][][][][][][][][][][][][] 
 []

[9]
Overfull \hbox (63.00415pt too wide) in paragraph at lines 351--352
[][][] 
 []


Overfull \hbox (63.00415pt too wide) in paragraph at lines 359--360
[][][] 
 []


Overfull \hbox (27.00378pt too wide) in paragraph at lines 363--364
[][][][][][][][][][][][][][][][][][][][][][][][][][] 
 []


Overfull \hbox (63.00415pt too wide) in paragraph at lines 368--369
[][][] 
 []


Overfull \hbox (63.00415pt too wide) in paragraph at lines 376--377
[][][] 
 []


Overfull \hbox (63.00415pt too wide) in paragraph at lines 383--384
[][][] 
 []


Overfull \hbox (63.00415pt too wide) in paragraph at lines 386--387
[][][] 
 []

<partB-benchmark.jpg, id=38, 620.81938pt x 280.54813pt>
File: partB-benchmark.jpg Graphic file (type jpg)
 <use partB-benchmark.jpg>
Package pdftex.def Info: partB-benchmark.jpg used on input line 391.
(pdftex.def)             Requested size: 345.0pt x 155.90295pt.
 <partB-regression-test.jpg, id=39, 167.12437pt x 112.92188pt>
File: partB-regression-test.jpg Graphic file (type jpg)
 <use partB-regression-test.jpg>
Package pdftex.def Info: partB-regression-test.jpg used on input line 397.
(pdftex.def)             Requested size: 207.0021pt x 139.87692pt.
 [10] <partB-test-iaddl.jpg, id=43, 251.94125pt x 114.4275pt>
File: partB-test-iaddl.jpg Graphic file (type jpg)
 <use partB-test-iaddl.jpg>
Package pdftex.def Info: partB-test-iaddl.jpg used on input line 403.
(pdftex.def)             Requested size: 207.0021pt x 94.01797pt.
 [11 <c:/Users/18123/VscodeProject/ComputerArch-Prj1/report/partB-benchmark.jpg> <c:/Users/18123/VscodeProject/ComputerArch-Prj1/report/partB-regression-test.jpg> <c:/Users/18123/VscodeProject/ComputerArch-Prj1/report/partB-test-iaddl.jpg>]
Missing character: There is no â in font ptmr7t!
Missing character: There is no € in font ptmr7t!
Missing character: There is no ™ in font ptmr7t!
 [12] (c:\Users\18123\VscodeProject\ComputerArch-Prj1\report\latex-version.aux) ) 
Here is how much of TeX's memory you used:
 3580 strings out of 495291
 47263 string characters out of 3182829
 141228 words of memory out of 3000000
 6781 multiletter control sequences out of 15000+200000
 18192 words of font info for 42 fonts, out of 3000000 for 9000
 14 hyphenation exceptions out of 8191
 27i,6n,32p,282b,1393s stack positions out of 5000i,500n,10000p,200000b,50000s
{C:/CTEX/MiKTeX/fonts/enc/dvips/fontname/8r.enc}<C:/CTEX/MiKTeX/fonts/type1/public/amsfonts/cm/cmmi10.pfb><C:/CTEX/MiKTeX/fonts/type1/public/amsfonts/cm/cmr10.pfb><C:/CTEX/MiKTeX/fonts/type1/public/amsfonts/cm/cmsy10.pfb><C:/CTEX/MiKTeX/fonts/type1/urw/times/utmb8a.pfb><C:/CTEX/MiKTeX/fonts/type1/urw/times/utmr8a.pfb>
Output written on latex-version.pdf (12 pages, 561115 bytes).
PDF statistics:
 68 PDF objects out of 1000 (max. 8388607)
 0 named destinations out of 1000 (max. 500000)
 31 words of extra memory for PDF output out of 10000 (max. 10000000)

